#
# There is insufficient memory for the Java Runtime Environment to continue.
# Native memory allocation (malloc) failed to allocate 1638400 bytes for Chunk::new
# Possible reasons:
#   The system is out of physical RAM or swap space
#   The process is running with CompressedOops enabled, and the Java Heap may be blocking the growth of the native heap
# Possible solutions:
#   Reduce memory load on the system
#   Increase physical memory or swap space
#   Check if swap backing store is full
#   Decrease Java heap size (-Xmx/-Xms)
#   Decrease number of Java threads
#   Decrease Java thread stack sizes (-Xss)
#   Set larger code cache with -XX:ReservedCodeCacheSize=
#   JVM is running with Zero Based Compressed Oops mode in which the Java heap is
#     placed in the first 32GB address space. The Java Heap base address is the
#     maximum limit for the native heap growth. Please use -XX:HeapBaseMinAddress
#     to set the Java Heap base and to place the Java Heap above 32GB virtual address.
# This output file may be truncated or incomplete.
#
#  Out of Memory Error (arena.cpp:191), pid=22272, tid=22448
#
# JRE version: OpenJDK Runtime Environment Temurin-17.0.9+9 (17.0.9+9) (build 17.0.9+9)
# Java VM: OpenJDK 64-Bit Server VM Temurin-17.0.9+9 (17.0.9+9, mixed mode, sharing, tiered, compressed oops, compressed class ptrs, g1 gc, windows-amd64)
# No core dump will be written. Minidumps are not enabled by default on client versions of Windows
#

---------------  S U M M A R Y ------------

Command Line: org.gradle.launcher.GradleMain -Dorg.gradle.jvmargs=-Xmx4096m --stop

Host: Intel(R) Pentium(R) CPU 6405U @ 2.40GHz, 4 cores, 11G,  Windows 10 , 64 bit Build 19041 (10.0.19041.5198)
Time: Wed Jan 22 21:21:16 2025  Windows 10 , 64 bit Build 19041 (10.0.19041.5198) elapsed time: 1.838683 seconds (0d 0h 0m 1s)

---------------  T H R E A D  ---------------

Current thread (0x000001439c125540):  JavaThread "C2 CompilerThread1" daemon [_thread_in_native, id=22448, stack(0x00000040d4200000,0x00000040d4300000)]


Current CompileTask:
C2:   1838  943       4       jdk.internal.loader.URLClassPath::getResource (74 bytes)

Stack: [0x00000040d4200000,0x00000040d4300000]
Native frames: (J=compiled Java code, j=interpreted, Vv=VM code, C=native code)
V  [jvm.dll+0x67cf49]
V  [jvm.dll+0x83478a]
V  [jvm.dll+0x83624e]
V  [jvm.dll+0x8368b3]
V  [jvm.dll+0x247f1f]
V  [jvm.dll+0xac43c]
V  [jvm.dll+0xaca8c]
V  [jvm.dll+0x367067]
V  [jvm.dll+0x1bd536]
V  [jvm.dll+0x21a709]
V  [jvm.dll+0x2199d1]
V  [jvm.dll+0x1a57cd]
V  [jvm.dll+0x2297ae]
V  [jvm.dll+0x22797c]
V  [jvm.dll+0x7e9877]
V  [jvm.dll+0x7e3c3a]
V  [jvm.dll+0x67be35]
C  [ucrtbase.dll+0x21bb2]
C  [KERNEL32.DLL+0x17374]
C  [ntdll.dll+0x4cc91]


---------------  P R O C E S S  ---------------

Threads class SMR info:
_java_thread_list=0x000001439c8e2630, length=14, elements={
0x00000143366f1920, 0x0000014356765040, 0x0000014356765ec0, 0x000001435677b990,
0x000001435677e370, 0x000001435677ed30, 0x000001435677f6f0, 0x00000143567848f0,
0x000001435678e7c0, 0x00000143567911d0, 0x00000143569d32f0, 0x00000143569da050,
0x000001439c125540, 0x000001439c957030
}

Java Threads: ( => current thread )
  0x00000143366f1920 JavaThread "main" [_thread_in_native, id=22344, stack(0x00000040d2f00000,0x00000040d3000000)]
  0x0000014356765040 JavaThread "Reference Handler" daemon [_thread_blocked, id=22376, stack(0x00000040d3600000,0x00000040d3700000)]
  0x0000014356765ec0 JavaThread "Finalizer" daemon [_thread_blocked, id=22380, stack(0x00000040d3700000,0x00000040d3800000)]
  0x000001435677b990 JavaThread "Signal Dispatcher" daemon [_thread_blocked, id=22384, stack(0x00000040d3800000,0x00000040d3900000)]
  0x000001435677e370 JavaThread "Attach Listener" daemon [_thread_blocked, id=22388, stack(0x00000040d3900000,0x00000040d3a00000)]
  0x000001435677ed30 JavaThread "Service Thread" daemon [_thread_blocked, id=22392, stack(0x00000040d3a00000,0x00000040d3b00000)]
  0x000001435677f6f0 JavaThread "Monitor Deflation Thread" daemon [_thread_blocked, id=22396, stack(0x00000040d3b00000,0x00000040d3c00000)]
  0x00000143567848f0 JavaThread "C2 CompilerThread0" daemon [_thread_in_native, id=22400, stack(0x00000040d3c00000,0x00000040d3d00000)]
  0x000001435678e7c0 JavaThread "C1 CompilerThread0" daemon [_thread_blocked, id=22404, stack(0x00000040d3d00000,0x00000040d3e00000)]
  0x00000143567911d0 JavaThread "Sweeper thread" daemon [_thread_blocked, id=22408, stack(0x00000040d3e00000,0x00000040d3f00000)]
  0x00000143569d32f0 JavaThread "Notification Thread" daemon [_thread_blocked, id=22412, stack(0x00000040d3f00000,0x00000040d4000000)]
  0x00000143569da050 JavaThread "Common-Cleaner" daemon [_thread_blocked, id=22420, stack(0x00000040d4100000,0x00000040d4200000)]
=>0x000001439c125540 JavaThread "C2 CompilerThread1" daemon [_thread_in_native, id=22448, stack(0x00000040d4200000,0x00000040d4300000)]
  0x000001439c957030 JavaThread "pool-1-thread-1" [_thread_blocked, id=22452, stack(0x00000040d4600000,0x00000040d4700000)]

Other Threads:
  0x000001435675f020 VMThread "VM Thread" [stack: 0x00000040d3500000,0x00000040d3600000] [id=22372]
  0x00000143569d57e0 WatcherThread [stack: 0x00000040d4000000,0x00000040d4100000] [id=22416]
  0x000001433674b930 GCTaskThread "GC Thread#0" [stack: 0x00000040d3000000,0x00000040d3100000] [id=22348]
  0x0000014356a66080 GCTaskThread "GC Thread#1" [stack: 0x00000040d4300000,0x00000040d4400000] [id=22436]
  0x0000014356a66340 GCTaskThread "GC Thread#2" [stack: 0x00000040d4400000,0x00000040d4500000] [id=22440]
  0x000001439c1c82a0 GCTaskThread "GC Thread#3" [stack: 0x00000040d4500000,0x00000040d4600000] [id=22444]
  0x0000014336758600 ConcurrentGCThread "G1 Main Marker" [stack: 0x00000040d3100000,0x00000040d3200000] [id=22352]
  0x00000143367597c0 ConcurrentGCThread "G1 Conc#0" [stack: 0x00000040d3200000,0x00000040d3300000] [id=22356]
  0x0000014336797860 ConcurrentGCThread "G1 Refine#0" [stack: 0x00000040d3300000,0x00000040d3400000] [id=22360]
  0x0000014336798290 ConcurrentGCThread "G1 Service" [stack: 0x00000040d3400000,0x00000040d3500000] [id=22364]

Threads with active compile tasks:
C2 CompilerThread1     1938  943       4       jdk.internal.loader.URLClassPath::getResource (74 bytes)

VM state: not at safepoint (normal execution)

VM Mutex/Monitor currently owned by a thread: None

Heap address: 0x0000000742800000, size: 3032 MB, Compressed Oops mode: Zero based, Oop shift amount: 3

CDS archive(s) mapped at: [0x0000014357000000-0x0000014357ba0000-0x0000014357ba0000), size 12189696, SharedBaseAddress: 0x0000014357000000, ArchiveRelocationMode: 1.
Compressed class space mapped at: 0x0000014358000000-0x0000014398000000, reserved size: 1073741824
Narrow klass base: 0x0000014357000000, Narrow klass shift: 0, Narrow klass range: 0x100000000

GC Precious Log:
 CPUs: 4 total, 4 available
 Memory: 12122M
 Large Page Support: Disabled
 NUMA Support: Disabled
 Compressed Oops: Enabled (Zero based)
 Heap Region Size: 2M
 Heap Min Capacity: 8M
 Heap Initial Capacity: 190M
 Heap Max Capacity: 3032M
 Pre-touch: Disabled
 Parallel Workers: 4
 Concurrent Workers: 1
 Concurrent Refinement Workers: 4
 Periodic GC: Disabled

Heap:
 garbage-first heap   total 194560K, used 14625K [0x0000000742800000, 0x0000000800000000)
  region size 2048K, 4 young (8192K), 1 survivors (2048K)
 Metaspace       used 5320K, committed 5568K, reserved 1114112K
  class space    used 746K, committed 896K, reserved 1048576K

Heap Regions: E=young(eden), S=young(survivor), O=old, HS=humongous(starts), HC=humongous(continues), CS=collection set, F=free, OA=open archive, CA=closed archive, TAMS=top-at-mark-start (previous, next)
|   0|0x0000000742800000, 0x0000000742a00000, 0x0000000742a00000|100%| O|  |TAMS 0x0000000742800000, 0x0000000742800000| Untracked 
|   1|0x0000000742a00000, 0x0000000742c00000, 0x0000000742c00000|100%|HS|  |TAMS 0x0000000742a00000, 0x0000000742a00000| Complete 
|   2|0x0000000742c00000, 0x0000000742e00000, 0x0000000742e00000|100%|HC|  |TAMS 0x0000000742c00000, 0x0000000742c00000| Complete 
|   3|0x0000000742e00000, 0x0000000743000000, 0x0000000743000000|100%| O|  |TAMS 0x0000000742e00000, 0x0000000742e00000| Untracked 
|   4|0x0000000743000000, 0x0000000743048400, 0x0000000743200000| 14%| O|  |TAMS 0x0000000743000000, 0x0000000743000000| Untracked 
|   5|0x0000000743200000, 0x0000000743200000, 0x0000000743400000|  0%| F|  |TAMS 0x0000000743200000, 0x0000000743200000| Untracked 
|   6|0x0000000743400000, 0x0000000743400000, 0x0000000743600000|  0%| F|  |TAMS 0x0000000743400000, 0x0000000743400000| Untracked 
|   7|0x0000000743600000, 0x0000000743600000, 0x0000000743800000|  0%| F|  |TAMS 0x0000000743600000, 0x0000000743600000| Untracked 
|   8|0x0000000743800000, 0x0000000743800000, 0x0000000743a00000|  0%| F|  |TAMS 0x0000000743800000, 0x0000000743800000| Untracked 
|   9|0x0000000743a00000, 0x0000000743a00000, 0x0000000743c00000|  0%| F|  |TAMS 0x0000000743a00000, 0x0000000743a00000| Untracked 
|  10|0x0000000743c00000, 0x0000000743c00000, 0x0000000743e00000|  0%| F|  |TAMS 0x0000000743c00000, 0x0000000743c00000| Untracked 
|  11|0x0000000743e00000, 0x0000000743e00000, 0x0000000744000000|  0%| F|  |TAMS 0x0000000743e00000, 0x0000000743e00000| Untracked 
|  12|0x0000000744000000, 0x0000000744000000, 0x0000000744200000|  0%| F|  |TAMS 0x0000000744000000, 0x0000000744000000| Untracked 
|  13|0x0000000744200000, 0x0000000744200000, 0x0000000744400000|  0%| F|  |TAMS 0x0000000744200000, 0x0000000744200000| Untracked 
|  14|0x0000000744400000, 0x0000000744400000, 0x0000000744600000|  0%| F|  |TAMS 0x0000000744400000, 0x0000000744400000| Untracked 
|  15|0x0000000744600000, 0x0000000744600000, 0x0000000744800000|  0%| F|  |TAMS 0x0000000744600000, 0x0000000744600000| Untracked 
|  16|0x0000000744800000, 0x0000000744800000, 0x0000000744a00000|  0%| F|  |TAMS 0x0000000744800000, 0x0000000744800000| Untracked 
|  17|0x0000000744a00000, 0x0000000744a00000, 0x0000000744c00000|  0%| F|  |TAMS 0x0000000744a00000, 0x0000000744a00000| Untracked 
|  18|0x0000000744c00000, 0x0000000744c00000, 0x0000000744e00000|  0%| F|  |TAMS 0x0000000744c00000, 0x0000000744c00000| Untracked 
|  19|0x0000000744e00000, 0x0000000744e00000, 0x0000000745000000|  0%| F|  |TAMS 0x0000000744e00000, 0x0000000744e00000| Untracked 
|  20|0x0000000745000000, 0x0000000745000000, 0x0000000745200000|  0%| F|  |TAMS 0x0000000745000000, 0x0000000745000000| Untracked 
|  21|0x0000000745200000, 0x0000000745200000, 0x0000000745400000|  0%| F|  |TAMS 0x0000000745200000, 0x0000000745200000| Untracked 
|  22|0x0000000745400000, 0x0000000745400000, 0x0000000745600000|  0%| F|  |TAMS 0x0000000745400000, 0x0000000745400000| Untracked 
|  23|0x0000000745600000, 0x0000000745600000, 0x0000000745800000|  0%| F|  |TAMS 0x0000000745600000, 0x0000000745600000| Untracked 
|  24|0x0000000745800000, 0x0000000745800000, 0x0000000745a00000|  0%| F|  |TAMS 0x0000000745800000, 0x0000000745800000| Untracked 
|  25|0x0000000745a00000, 0x0000000745a00000, 0x0000000745c00000|  0%| F|  |TAMS 0x0000000745a00000, 0x0000000745a00000| Untracked 
|  26|0x0000000745c00000, 0x0000000745c00000, 0x0000000745e00000|  0%| F|  |TAMS 0x0000000745c00000, 0x0000000745c00000| Untracked 
|  27|0x0000000745e00000, 0x0000000745e00000, 0x0000000746000000|  0%| F|  |TAMS 0x0000000745e00000, 0x0000000745e00000| Untracked 
|  28|0x0000000746000000, 0x0000000746000000, 0x0000000746200000|  0%| F|  |TAMS 0x0000000746000000, 0x0000000746000000| Untracked 
|  29|0x0000000746200000, 0x0000000746200000, 0x0000000746400000|  0%| F|  |TAMS 0x0000000746200000, 0x0000000746200000| Untracked 
|  30|0x0000000746400000, 0x0000000746400000, 0x0000000746600000|  0%| F|  |TAMS 0x0000000746400000, 0x0000000746400000| Untracked 
|  31|0x0000000746600000, 0x0000000746600000, 0x0000000746800000|  0%| F|  |TAMS 0x0000000746600000, 0x0000000746600000| Untracked 
|  32|0x0000000746800000, 0x0000000746800000, 0x0000000746a00000|  0%| F|  |TAMS 0x0000000746800000, 0x0000000746800000| Untracked 
|  33|0x0000000746a00000, 0x0000000746a00000, 0x0000000746c00000|  0%| F|  |TAMS 0x0000000746a00000, 0x0000000746a00000| Untracked 
|  34|0x0000000746c00000, 0x0000000746c00000, 0x0000000746e00000|  0%| F|  |TAMS 0x0000000746c00000, 0x0000000746c00000| Untracked 
|  35|0x0000000746e00000, 0x0000000746e00000, 0x0000000747000000|  0%| F|  |TAMS 0x0000000746e00000, 0x0000000746e00000| Untracked 
|  36|0x0000000747000000, 0x0000000747000000, 0x0000000747200000|  0%| F|  |TAMS 0x0000000747000000, 0x0000000747000000| Untracked 
|  37|0x0000000747200000, 0x0000000747200000, 0x0000000747400000|  0%| F|  |TAMS 0x0000000747200000, 0x0000000747200000| Untracked 
|  38|0x0000000747400000, 0x0000000747400000, 0x0000000747600000|  0%| F|  |TAMS 0x0000000747400000, 0x0000000747400000| Untracked 
|  39|0x0000000747600000, 0x0000000747600000, 0x0000000747800000|  0%| F|  |TAMS 0x0000000747600000, 0x0000000747600000| Untracked 
|  40|0x0000000747800000, 0x0000000747800000, 0x0000000747a00000|  0%| F|  |TAMS 0x0000000747800000, 0x0000000747800000| Untracked 
|  41|0x0000000747a00000, 0x0000000747a00000, 0x0000000747c00000|  0%| F|  |TAMS 0x0000000747a00000, 0x0000000747a00000| Untracked 
|  42|0x0000000747c00000, 0x0000000747c00000, 0x0000000747e00000|  0%| F|  |TAMS 0x0000000747c00000, 0x0000000747c00000| Untracked 
|  43|0x0000000747e00000, 0x0000000747e00000, 0x0000000748000000|  0%| F|  |TAMS 0x0000000747e00000, 0x0000000747e00000| Untracked 
|  44|0x0000000748000000, 0x0000000748000000, 0x0000000748200000|  0%| F|  |TAMS 0x0000000748000000, 0x0000000748000000| Untracked 
|  45|0x0000000748200000, 0x0000000748200000, 0x0000000748400000|  0%| F|  |TAMS 0x0000000748200000, 0x0000000748200000| Untracked 
|  46|0x0000000748400000, 0x0000000748400000, 0x0000000748600000|  0%| F|  |TAMS 0x0000000748400000, 0x0000000748400000| Untracked 
|  47|0x0000000748600000, 0x0000000748600000, 0x0000000748800000|  0%| F|  |TAMS 0x0000000748600000, 0x0000000748600000| Untracked 
|  48|0x0000000748800000, 0x0000000748800000, 0x0000000748a00000|  0%| F|  |TAMS 0x0000000748800000, 0x0000000748800000| Untracked 
|  49|0x0000000748a00000, 0x0000000748a00000, 0x0000000748c00000|  0%| F|  |TAMS 0x0000000748a00000, 0x0000000748a00000| Untracked 
|  50|0x0000000748c00000, 0x0000000748c00000, 0x0000000748e00000|  0%| F|  |TAMS 0x0000000748c00000, 0x0000000748c00000| Untracked 
|  51|0x0000000748e00000, 0x0000000748e00000, 0x0000000749000000|  0%| F|  |TAMS 0x0000000748e00000, 0x0000000748e00000| Untracked 
|  52|0x0000000749000000, 0x0000000749000000, 0x0000000749200000|  0%| F|  |TAMS 0x0000000749000000, 0x0000000749000000| Untracked 
|  53|0x0000000749200000, 0x0000000749200000, 0x0000000749400000|  0%| F|  |TAMS 0x0000000749200000, 0x0000000749200000| Untracked 
|  54|0x0000000749400000, 0x0000000749400000, 0x0000000749600000|  0%| F|  |TAMS 0x0000000749400000, 0x0000000749400000| Untracked 
|  55|0x0000000749600000, 0x0000000749600000, 0x0000000749800000|  0%| F|  |TAMS 0x0000000749600000, 0x0000000749600000| Untracked 
|  56|0x0000000749800000, 0x0000000749800000, 0x0000000749a00000|  0%| F|  |TAMS 0x0000000749800000, 0x0000000749800000| Untracked 
|  57|0x0000000749a00000, 0x0000000749a00000, 0x0000000749c00000|  0%| F|  |TAMS 0x0000000749a00000, 0x0000000749a00000| Untracked 
|  58|0x0000000749c00000, 0x0000000749c00000, 0x0000000749e00000|  0%| F|  |TAMS 0x0000000749c00000, 0x0000000749c00000| Untracked 
|  59|0x0000000749e00000, 0x0000000749e00000, 0x000000074a000000|  0%| F|  |TAMS 0x0000000749e00000, 0x0000000749e00000| Untracked 
|  60|0x000000074a000000, 0x000000074a000000, 0x000000074a200000|  0%| F|  |TAMS 0x000000074a000000, 0x000000074a000000| Untracked 
|  61|0x000000074a200000, 0x000000074a200000, 0x000000074a400000|  0%| F|  |TAMS 0x000000074a200000, 0x000000074a200000| Untracked 
|  62|0x000000074a400000, 0x000000074a400000, 0x000000074a600000|  0%| F|  |TAMS 0x000000074a400000, 0x000000074a400000| Untracked 
|  63|0x000000074a600000, 0x000000074a600000, 0x000000074a800000|  0%| F|  |TAMS 0x000000074a600000, 0x000000074a600000| Untracked 
|  64|0x000000074a800000, 0x000000074a800000, 0x000000074aa00000|  0%| F|  |TAMS 0x000000074a800000, 0x000000074a800000| Untracked 
|  65|0x000000074aa00000, 0x000000074aa00000, 0x000000074ac00000|  0%| F|  |TAMS 0x000000074aa00000, 0x000000074aa00000| Untracked 
|  66|0x000000074ac00000, 0x000000074ac00000, 0x000000074ae00000|  0%| F|  |TAMS 0x000000074ac00000, 0x000000074ac00000| Untracked 
|  67|0x000000074ae00000, 0x000000074ae00000, 0x000000074b000000|  0%| F|  |TAMS 0x000000074ae00000, 0x000000074ae00000| Untracked 
|  68|0x000000074b000000, 0x000000074b000000, 0x000000074b200000|  0%| F|  |TAMS 0x000000074b000000, 0x000000074b000000| Untracked 
|  69|0x000000074b200000, 0x000000074b200000, 0x000000074b400000|  0%| F|  |TAMS 0x000000074b200000, 0x000000074b200000| Untracked 
|  70|0x000000074b400000, 0x000000074b400000, 0x000000074b600000|  0%| F|  |TAMS 0x000000074b400000, 0x000000074b400000| Untracked 
|  71|0x000000074b600000, 0x000000074b600000, 0x000000074b800000|  0%| F|  |TAMS 0x000000074b600000, 0x000000074b600000| Untracked 
|  72|0x000000074b800000, 0x000000074b800000, 0x000000074ba00000|  0%| F|  |TAMS 0x000000074b800000, 0x000000074b800000| Untracked 
|  73|0x000000074ba00000, 0x000000074ba00000, 0x000000074bc00000|  0%| F|  |TAMS 0x000000074ba00000, 0x000000074ba00000| Untracked 
|  74|0x000000074bc00000, 0x000000074bc00000, 0x000000074be00000|  0%| F|  |TAMS 0x000000074bc00000, 0x000000074bc00000| Untracked 
|  75|0x000000074be00000, 0x000000074be00000, 0x000000074c000000|  0%| F|  |TAMS 0x000000074be00000, 0x000000074be00000| Untracked 
|  76|0x000000074c000000, 0x000000074c000000, 0x000000074c200000|  0%| F|  |TAMS 0x000000074c000000, 0x000000074c000000| Untracked 
|  77|0x000000074c200000, 0x000000074c200000, 0x000000074c400000|  0%| F|  |TAMS 0x000000074c200000, 0x000000074c200000| Untracked 
|  78|0x000000074c400000, 0x000000074c400000, 0x000000074c600000|  0%| F|  |TAMS 0x000000074c400000, 0x000000074c400000| Untracked 
|  79|0x000000074c600000, 0x000000074c600000, 0x000000074c800000|  0%| F|  |TAMS 0x000000074c600000, 0x000000074c600000| Untracked 
|  80|0x000000074c800000, 0x000000074c800000, 0x000000074ca00000|  0%| F|  |TAMS 0x000000074c800000, 0x000000074c800000| Untracked 
|  81|0x000000074ca00000, 0x000000074ca00000, 0x000000074cc00000|  0%| F|  |TAMS 0x000000074ca00000, 0x000000074ca00000| Untracked 
|  82|0x000000074cc00000, 0x000000074cc00000, 0x000000074ce00000|  0%| F|  |TAMS 0x000000074cc00000, 0x000000074cc00000| Untracked 
|  83|0x000000074ce00000, 0x000000074ce00000, 0x000000074d000000|  0%| F|  |TAMS 0x000000074ce00000, 0x000000074ce00000| Untracked 
|  84|0x000000074d000000, 0x000000074d000000, 0x000000074d200000|  0%| F|  |TAMS 0x000000074d000000, 0x000000074d000000| Untracked 
|  85|0x000000074d200000, 0x000000074d200000, 0x000000074d400000|  0%| F|  |TAMS 0x000000074d200000, 0x000000074d200000| Untracked 
|  86|0x000000074d400000, 0x000000074d400000, 0x000000074d600000|  0%| F|  |TAMS 0x000000074d400000, 0x000000074d400000| Untracked 
|  87|0x000000074d600000, 0x000000074d800000, 0x000000074d800000|100%| S|CS|TAMS 0x000000074d600000, 0x000000074d600000| Complete 
|  88|0x000000074d800000, 0x000000074d800000, 0x000000074da00000|  0%| F|  |TAMS 0x000000074d800000, 0x000000074d800000| Untracked 
|  89|0x000000074da00000, 0x000000074da00000, 0x000000074dc00000|  0%| F|  |TAMS 0x000000074da00000, 0x000000074da00000| Untracked 
|  90|0x000000074dc00000, 0x000000074dc00000, 0x000000074de00000|  0%| F|  |TAMS 0x000000074dc00000, 0x000000074dc00000| Untracked 
|  91|0x000000074de00000, 0x000000074de00000, 0x000000074e000000|  0%| F|  |TAMS 0x000000074de00000, 0x000000074de00000| Untracked 
|  92|0x000000074e000000, 0x000000074e1ffce0, 0x000000074e200000| 99%| E|  |TAMS 0x000000074e000000, 0x000000074e000000| Complete 
|  93|0x000000074e200000, 0x000000074e400000, 0x000000074e400000|100%| E|CS|TAMS 0x000000074e200000, 0x000000074e200000| Complete 
|  94|0x000000074e400000, 0x000000074e600000, 0x000000074e600000|100%| E|CS|TAMS 0x000000074e400000, 0x000000074e400000| Complete 

Card table byte_map: [0x000001434d800000,0x000001434ddf0000] _byte_map_base: 0x0000014349dec000

Marking Bits (Prev, Next): (CMBitMap*) 0x000001433674bf50, (CMBitMap*) 0x000001433674bf90
 Prev Bits: [0x000001434e3e0000, 0x0000014351340000)
 Next Bits: [0x0000014351340000, 0x00000143542a0000)

Polling page: 0x0000014334650000

Metaspace:

Usage:
  Non-class:      4.47 MB used.
      Class:    746.64 KB used.
       Both:      5.20 MB used.

Virtual space:
  Non-class space:       64.00 MB reserved,       4.56 MB (  7%) committed,  1 nodes.
      Class space:        1.00 GB reserved,     896.00 KB ( <1%) committed,  1 nodes.
             Both:        1.06 GB reserved,       5.44 MB ( <1%) committed. 

Chunk freelists:
   Non-Class:  9.41 MB
       Class:  15.17 MB
        Both:  24.58 MB

MaxMetaspaceSize: unlimited
CompressedClassSpaceSize: 1.00 GB
Initial GC threshold: 21.00 MB
Current GC threshold: 21.00 MB
CDS: on
MetaspaceReclaimPolicy: balanced
 - commit_granule_bytes: 65536.
 - commit_granule_words: 8192.
 - virtual_space_node_default_size: 8388608.
 - enlarge_chunks_in_place: 1.
 - new_chunks_are_fully_committed: 0.
 - uncommit_free_chunks: 1.
 - use_allocation_guard: 0.
 - handle_deallocations: 1.


Internal statistics:

num_allocs_failed_limit: 0.
num_arena_births: 60.
num_arena_deaths: 0.
num_vsnodes_births: 2.
num_vsnodes_deaths: 0.
num_space_committed: 87.
num_space_uncommitted: 0.
num_chunks_returned_to_freelist: 0.
num_chunks_taken_from_freelist: 209.
num_chunk_merges: 0.
num_chunk_splits: 147.
num_chunks_enlarged: 121.
num_inconsistent_stats: 0.

CodeHeap 'non-profiled nmethods': size=120000Kb used=434Kb max_used=434Kb free=119565Kb
 bounds [0x0000014345ce0000, 0x0000014345f50000, 0x000001434d210000]
CodeHeap 'profiled nmethods': size=120000Kb used=1858Kb max_used=1858Kb free=118141Kb
 bounds [0x000001433e210000, 0x000001433e480000, 0x0000014345740000]
CodeHeap 'non-nmethods': size=5760Kb used=1134Kb max_used=1171Kb free=4625Kb
 bounds [0x0000014345740000, 0x00000143459b0000, 0x0000014345ce0000]
 total_blobs=1415 nmethods=994 adapters=335
 compilation: enabled
              stopped_count=0, restarted_count=0
 full_count=0

Compilation events (20 events):
Event: 1.801 Thread 0x000001435678e7c0 nmethod 982 0x000001433e3dd490 code [0x000001433e3dd620, 0x000001433e3dd768]
Event: 1.801 Thread 0x000001435678e7c0  984       3       sun.invoke.util.VerifyAccess::isClassAccessible (230 bytes)
Event: 1.803 Thread 0x000001435678e7c0 nmethod 984 0x000001433e3dd810 code [0x000001433e3ddb20, 0x000001433e3dea18]
Event: 1.811 Thread 0x000001435678e7c0  987       3       com.google.common.collect.AbstractIndexedListIterator::hasNext (17 bytes)
Event: 1.811 Thread 0x000001435678e7c0 nmethod 987 0x000001433e3dee10 code [0x000001433e3defa0, 0x000001433e3df118]
Event: 1.814 Thread 0x000001435678e7c0  988       3       java.util.Collections$UnmodifiableCollection$1::hasNext (10 bytes)
Event: 1.814 Thread 0x000001435678e7c0 nmethod 988 0x000001433e3df190 code [0x000001433e3df340, 0x000001433e3df528]
Event: 1.819 Thread 0x000001435678e7c0  989       3       java.nio.CharBuffer::<init> (24 bytes)
Event: 1.820 Thread 0x000001435678e7c0 nmethod 989 0x000001433e3df610 code [0x000001433e3df7c0, 0x000001433e3df968]
Event: 1.820 Thread 0x000001435678e7c0  990       3       java.nio.CharBuffer::limit (6 bytes)
Event: 1.820 Thread 0x000001435678e7c0 nmethod 990 0x000001433e3dfa10 code [0x000001433e3dfbc0, 0x000001433e3dfd68]
Event: 1.820 Thread 0x000001435678e7c0  991       3       java.nio.CharBuffer::limit (8 bytes)
Event: 1.820 Thread 0x000001435678e7c0 nmethod 991 0x000001433e3dfe10 code [0x000001433e3dffa0, 0x000001433e3e00e8]
Event: 1.820 Thread 0x000001435678e7c0  992       1       java.lang.ClassLoader::getUnnamedModule (5 bytes)
Event: 1.820 Thread 0x000001435678e7c0 nmethod 992 0x0000014345d47090 code [0x0000014345d47220, 0x0000014345d472f8]
Event: 1.825 Thread 0x00000143567848f0 nmethod 978 0x0000014345d47390 code [0x0000014345d475a0, 0x0000014345d48870]
Event: 1.825 Thread 0x00000143567848f0  986       4       java.lang.StringBuilder::append (8 bytes)
Event: 1.831 Thread 0x00000143567848f0 nmethod 986 0x0000014345d49510 code [0x0000014345d496c0, 0x0000014345d49cc8]
Event: 1.831 Thread 0x00000143567848f0  985       4       java.lang.invoke.MethodType::parameterType (7 bytes)
Event: 1.832 Thread 0x00000143567848f0 nmethod 985 0x0000014345d4a090 code [0x0000014345d4a200, 0x0000014345d4a2b8]

GC Heap History (4 events):
Event: 0.701 GC heap before
{Heap before GC invocations=0 (full 0):
 garbage-first heap   total 194560K, used 10240K [0x0000000742800000, 0x0000000800000000)
  region size 2048K, 6 young (12288K), 0 survivors (0K)
 Metaspace       used 906K, committed 1088K, reserved 1114112K
  class space    used 66K, committed 128K, reserved 1048576K
}
Event: 0.704 GC heap after
{Heap after GC invocations=1 (full 0):
 garbage-first heap   total 194560K, used 3110K [0x0000000742800000, 0x0000000800000000)
  region size 2048K, 1 young (2048K), 1 survivors (2048K)
 Metaspace       used 906K, committed 1088K, reserved 1114112K
  class space    used 66K, committed 128K, reserved 1048576K
}
Event: 1.465 GC heap before
{Heap before GC invocations=1 (full 0):
 garbage-first heap   total 194560K, used 19494K [0x0000000742800000, 0x0000000800000000)
  region size 2048K, 7 young (14336K), 1 survivors (2048K)
 Metaspace       used 3721K, committed 3904K, reserved 1114112K
  class space    used 499K, committed 576K, reserved 1048576K
}
Event: 1.469 GC heap after
{Heap after GC invocations=2 (full 0):
 garbage-first heap   total 194560K, used 10529K [0x0000000742800000, 0x0000000800000000)
  region size 2048K, 1 young (2048K), 1 survivors (2048K)
 Metaspace       used 3721K, committed 3904K, reserved 1114112K
  class space    used 499K, committed 576K, reserved 1048576K
}

Dll operation events (10 events):
Event: 0.009 Loaded shared library D:\Unity\Unity Editor\6000.0.32f1\Editor\Data\PlaybackEngines\AndroidPlayer\OpenJDK\bin\java.dll
Event: 0.030 Loaded shared library D:\Unity\Unity Editor\6000.0.32f1\Editor\Data\PlaybackEngines\AndroidPlayer\OpenJDK\bin\jsvml.dll
Event: 0.085 Loaded shared library D:\Unity\Unity Editor\6000.0.32f1\Editor\Data\PlaybackEngines\AndroidPlayer\OpenJDK\bin\net.dll
Event: 0.113 Loaded shared library D:\Unity\Unity Editor\6000.0.32f1\Editor\Data\PlaybackEngines\AndroidPlayer\OpenJDK\bin\nio.dll
Event: 0.130 Loaded shared library D:\Unity\Unity Editor\6000.0.32f1\Editor\Data\PlaybackEngines\AndroidPlayer\OpenJDK\bin\zip.dll
Event: 0.465 Loaded shared library D:\Unity\Unity Editor\6000.0.32f1\Editor\Data\PlaybackEngines\AndroidPlayer\OpenJDK\bin\jimage.dll
Event: 0.772 Loaded shared library D:\Unity\Unity Editor\6000.0.32f1\Editor\Data\PlaybackEngines\AndroidPlayer\OpenJDK\bin\verify.dll
Event: 1.395 Loaded shared library C:\Users\bogda\.gradle\native\c067742578af261105cb4f569cf0c3c89f3d7b1fecec35dd04571415982c5e48\windows-amd64\native-platform.dll
Event: 1.717 Loaded shared library D:\Unity\Unity Editor\6000.0.32f1\Editor\Data\PlaybackEngines\AndroidPlayer\OpenJDK\bin\management.dll
Event: 1.750 Loaded shared library D:\Unity\Unity Editor\6000.0.32f1\Editor\Data\PlaybackEngines\AndroidPlayer\OpenJDK\bin\management_ext.dll

Deoptimization events (20 events):
Event: 1.654 Thread 0x00000143366f1920 DEOPT PACKING pc=0x0000014345d439c8 sp=0x00000040d2ffba50
Event: 1.654 Thread 0x00000143366f1920 DEOPT UNPACKING pc=0x000001434579699d sp=0x00000040d2ffb9d8 mode 2
Event: 1.654 Thread 0x00000143366f1920 Uncommon trap: trap_request=0xffffffde fr.pc=0x0000014345d439c8 relative=0x0000000000000128
Event: 1.654 Thread 0x00000143366f1920 Uncommon trap: reason=class_check action=maybe_recompile pc=0x0000014345d439c8 method=jdk.internal.misc.Unsafe.allocateUninitializedArray(Ljava/lang/Class;I)Ljava/lang/Object; @ 51 c2
Event: 1.654 Thread 0x00000143366f1920 DEOPT PACKING pc=0x0000014345d439c8 sp=0x00000040d2ffbaf0
Event: 1.654 Thread 0x00000143366f1920 DEOPT UNPACKING pc=0x000001434579699d sp=0x00000040d2ffba78 mode 2
Event: 1.654 Thread 0x00000143366f1920 Uncommon trap: trap_request=0xffffffde fr.pc=0x0000014345d439c8 relative=0x0000000000000128
Event: 1.654 Thread 0x00000143366f1920 Uncommon trap: reason=class_check action=maybe_recompile pc=0x0000014345d439c8 method=jdk.internal.misc.Unsafe.allocateUninitializedArray(Ljava/lang/Class;I)Ljava/lang/Object; @ 51 c2
Event: 1.654 Thread 0x00000143366f1920 DEOPT PACKING pc=0x0000014345d439c8 sp=0x00000040d2ffbb20
Event: 1.654 Thread 0x00000143366f1920 DEOPT UNPACKING pc=0x000001434579699d sp=0x00000040d2ffbaa8 mode 2
Event: 1.654 Thread 0x00000143366f1920 Uncommon trap: trap_request=0xffffffde fr.pc=0x0000014345d439c8 relative=0x0000000000000128
Event: 1.654 Thread 0x00000143366f1920 Uncommon trap: reason=class_check action=maybe_recompile pc=0x0000014345d439c8 method=jdk.internal.misc.Unsafe.allocateUninitializedArray(Ljava/lang/Class;I)Ljava/lang/Object; @ 51 c2
Event: 1.654 Thread 0x00000143366f1920 DEOPT PACKING pc=0x0000014345d439c8 sp=0x00000040d2ffbbc0
Event: 1.654 Thread 0x00000143366f1920 DEOPT UNPACKING pc=0x000001434579699d sp=0x00000040d2ffbb48 mode 2
Event: 1.659 Thread 0x00000143366f1920 Uncommon trap: trap_request=0xffffffc6 fr.pc=0x0000014345d28418 relative=0x0000000000000498
Event: 1.659 Thread 0x00000143366f1920 Uncommon trap: reason=bimorphic_or_optimized_type_check action=maybe_recompile pc=0x0000014345d28418 method=java.util.regex.Pattern$Slice.match(Ljava/util/regex/Matcher;ILjava/lang/CharSequence;)Z @ 75 c2
Event: 1.659 Thread 0x00000143366f1920 DEOPT PACKING pc=0x0000014345d28418 sp=0x00000040d2ffd4b0
Event: 1.659 Thread 0x00000143366f1920 DEOPT UNPACKING pc=0x000001434579699d sp=0x00000040d2ffd3c8 mode 2
Event: 1.689 Thread 0x00000143366f1920 DEOPT PACKING pc=0x000001433e2a0e65 sp=0x00000040d2ffb540
Event: 1.689 Thread 0x00000143366f1920 DEOPT UNPACKING pc=0x0000014345797124 sp=0x00000040d2ffa990 mode 0

Classes unloaded (0 events):
No events

Classes redefined (0 events):
No events

Internal exceptions (11 events):
Event: 0.230 Thread 0x00000143366f1920 Exception <a 'java/lang/NoSuchMethodError'{0x000000074e5eeab8}: 'int java.lang.invoke.DirectMethodHandle$Holder.invokeStaticInit(java.lang.Object, java.lang.Object)'> (0x000000074e5eeab8) 
thrown [s\src\hotspot\share\interpreter\linkResolver.cpp, line 759]
Event: 1.182 Thread 0x00000143366f1920 Exception <a 'java/lang/NoSuchMethodError'{0x000000074dce9d18}: 'void java.lang.invoke.DirectMethodHandle$Holder.invokeStatic(java.lang.Object, java.lang.Object)'> (0x000000074dce9d18) 
thrown [s\src\hotspot\share\interpreter\linkResolver.cpp, line 759]
Event: 1.256 Thread 0x00000143366f1920 Exception <a 'java/lang/NoClassDefFoundError'{0x000000074dd561b0}: org/slf4j/impl/StaticMarkerBinder> (0x000000074dd561b0) 
thrown [s\src\hotspot\share\classfile\systemDictionary.cpp, line 245]
Event: 1.300 Thread 0x00000143366f1920 Exception <a 'java/lang/NoSuchMethodError'{0x000000074ddfef80}: 'java.lang.Object java.lang.invoke.DirectMethodHandle$Holder.invokeVirtual(java.lang.Object, java.lang.Object, java.lang.Object, java.lang.Object, java.lang.Object, java.lang.Object, java.lang.Object)'> (0x000000074ddfef80) 
thrown [s\src\hotspot\share\interpreter\linkResolver.cpp, line 759]
Event: 1.305 Thread 0x00000143366f1920 Exception <a 'java/lang/NoSuchMethodError'{0x000000074da10540}: 'java.lang.Object java.lang.invoke.Invokers$Holder.invoker(java.lang.Object, java.lang.Object, java.lang.Object)'> (0x000000074da10540) 
thrown [s\src\hotspot\share\interpreter\linkResolver.cpp, line 759]
Event: 1.329 Thread 0x00000143366f1920 Exception <a 'java/lang/NoSuchMethodError'{0x000000074da196c0}: 'java.lang.Object java.lang.invoke.DirectMethodHandle$Holder.invokeStatic(java.lang.Object, java.lang.Object, int)'> (0x000000074da196c0) 
thrown [s\src\hotspot\share\interpreter\linkResolver.cpp, line 759]
Event: 1.333 Thread 0x00000143366f1920 Exception <a 'java/lang/NoSuchMethodError'{0x000000074da253b0}: 'void java.lang.invoke.DelegatingMethodHandle$Holder.delegate(java.lang.Object, java.lang.Object, int, java.lang.Object)'> (0x000000074da253b0) 
thrown [s\src\hotspot\share\interpreter\linkResolver.cpp, line 759]
Event: 1.334 Thread 0x00000143366f1920 Exception <a 'java/lang/NoSuchMethodError'{0x000000074da294f8}: 'int java.lang.invoke.DirectMethodHandle$Holder.invokeSpecial(java.lang.Object, java.lang.Object, java.lang.Object)'> (0x000000074da294f8) 
thrown [s\src\hotspot\share\interpreter\linkResolver.cpp, line 759]
Event: 1.342 Thread 0x00000143366f1920 Exception <a 'java/lang/NoSuchMethodError'{0x000000074da3c880}: 'java.lang.Object java.lang.invoke.Invokers$Holder.invokeExact_MT(java.lang.Object, java.lang.Object, java.lang.Object, java.lang.Object)'> (0x000000074da3c880) 
thrown [s\src\hotspot\share\interpreter\linkResolver.cpp, line 759]
Event: 1.656 Thread 0x00000143366f1920 Exception <a 'java/lang/NoSuchMethodError'{0x000000074e3bcec8}: 'void java.lang.invoke.DirectMethodHandle$Holder.invokeSpecial(java.lang.Object, java.lang.Object, java.lang.Object)'> (0x000000074e3bcec8) 
thrown [s\src\hotspot\share\interpreter\linkResolver.cpp, line 759]
Event: 1.697 Thread 0x00000143366f1920 Exception <a 'java/lang/NoSuchMethodError'{0x000000074e0f2690}: 'java.lang.Object java.lang.invoke.DirectMethodHandle$Holder.invokeStaticInit(java.lang.Object)'> (0x000000074e0f2690) 
thrown [s\src\hotspot\share\interpreter\linkResolver.cpp, line 759]

VM Operations (14 events):
Event: 0.131 Executing VM operation: HandshakeAllThreads
Event: 0.131 Executing VM operation: HandshakeAllThreads done
Event: 0.682 Executing VM operation: G1CollectForAllocation
Event: 0.704 Executing VM operation: G1CollectForAllocation done
Event: 1.162 Executing VM operation: HandshakeAllThreads
Event: 1.162 Executing VM operation: HandshakeAllThreads done
Event: 1.247 Executing VM operation: HandshakeAllThreads
Event: 1.247 Executing VM operation: HandshakeAllThreads done
Event: 1.247 Executing VM operation: HandshakeAllThreads
Event: 1.247 Executing VM operation: HandshakeAllThreads done
Event: 1.307 Executing VM operation: HandshakeAllThreads
Event: 1.328 Executing VM operation: HandshakeAllThreads done
Event: 1.464 Executing VM operation: G1CollectForAllocation
Event: 1.469 Executing VM operation: G1CollectForAllocation done

Events (20 events):
Event: 1.794 loading class java/lang/management/DefaultPlatformMBeanProvider$10
Event: 1.794 loading class java/lang/management/DefaultPlatformMBeanProvider$10 done
Event: 1.794 loading class java/lang/management/DefaultPlatformMBeanProvider$11
Event: 1.794 loading class java/lang/management/DefaultPlatformMBeanProvider$11 done
Event: 1.794 loading class jdk/management/jfr/FlightRecorderMXBean
Event: 1.794 loading class jdk/management/jfr/FlightRecorderMXBean done
Event: 1.794 loading class jdk/management/jfr/internal/FlightRecorderMXBeanProvider$SingleMBeanComponent
Event: 1.794 loading class jdk/management/jfr/internal/FlightRecorderMXBeanProvider$SingleMBeanComponent done
Event: 1.796 loading class java/util/stream/ReduceOps$2
Event: 1.796 loading class java/util/stream/ReduceOps$2 done
Event: 1.796 loading class java/util/stream/ReduceOps$2ReducingSink
Event: 1.797 loading class java/util/stream/ReduceOps$2ReducingSink done
Event: 1.797 loading class sun/management/RuntimeImpl
Event: 1.797 loading class sun/management/RuntimeImpl done
Event: 1.798 loading class java/util/Collections$2
Event: 1.798 loading class java/util/Collections$2 done
Event: 1.802 loading class sun/management/Util
Event: 1.802 loading class sun/management/Util done
Event: 1.802 loading class java/lang/management/ManagementPermission
Event: 1.803 loading class java/lang/management/ManagementPermission done


Dynamic libraries:
0x00007ff6158c0000 - 0x00007ff6158ce000 	D:\Unity\Unity Editor\6000.0.32f1\Editor\Data\PlaybackEngines\AndroidPlayer\OpenJDK\bin\java.exe
0x00007ff82ff50000 - 0x00007ff830148000 	C:\WINDOWS\SYSTEM32\ntdll.dll
0x00007ff82f8e0000 - 0x00007ff82f9a2000 	C:\WINDOWS\System32\KERNEL32.DLL
0x00007ff82d710000 - 0x00007ff82da0f000 	C:\WINDOWS\System32\KERNELBASE.dll
0x00007ff82d5e0000 - 0x00007ff82d6e0000 	C:\WINDOWS\System32\ucrtbase.dll
0x00007ff8084f0000 - 0x00007ff80850b000 	D:\Unity\Unity Editor\6000.0.32f1\Editor\Data\PlaybackEngines\AndroidPlayer\OpenJDK\bin\VCRUNTIME140.dll
0x00007ff808660000 - 0x00007ff808677000 	D:\Unity\Unity Editor\6000.0.32f1\Editor\Data\PlaybackEngines\AndroidPlayer\OpenJDK\bin\jli.dll
0x00007ff82f210000 - 0x00007ff82f3ad000 	C:\WINDOWS\System32\USER32.dll
0x00007ff82d6e0000 - 0x00007ff82d702000 	C:\WINDOWS\System32\win32u.dll
0x00007ff82f1e0000 - 0x00007ff82f20b000 	C:\WINDOWS\System32\GDI32.dll
0x00007ff81a230000 - 0x00007ff81a4ca000 	C:\WINDOWS\WinSxS\amd64_microsoft.windows.common-controls_6595b64144ccf1df_6.0.19041.4355_none_60b8b9eb71f62e16\COMCTL32.dll
0x00007ff82dbf0000 - 0x00007ff82dd07000 	C:\WINDOWS\System32\gdi32full.dll
0x00007ff82faa0000 - 0x00007ff82fb3e000 	C:\WINDOWS\System32\msvcrt.dll
0x00007ff82dda0000 - 0x00007ff82de3d000 	C:\WINDOWS\System32\msvcp_win.dll
0x00007ff82f9b0000 - 0x00007ff82f9df000 	C:\WINDOWS\System32\IMM32.DLL
0x00007ff827d50000 - 0x00007ff827d5c000 	D:\Unity\Unity Editor\6000.0.32f1\Editor\Data\PlaybackEngines\AndroidPlayer\OpenJDK\bin\vcruntime140_1.dll
0x00007fff98580000 - 0x00007fff9860d000 	D:\Unity\Unity Editor\6000.0.32f1\Editor\Data\PlaybackEngines\AndroidPlayer\OpenJDK\bin\msvcp140.dll
0x00007fff6a120000 - 0x00007fff6ad81000 	D:\Unity\Unity Editor\6000.0.32f1\Editor\Data\PlaybackEngines\AndroidPlayer\OpenJDK\bin\server\jvm.dll
0x00007ff82f740000 - 0x00007ff82f7f1000 	C:\WINDOWS\System32\ADVAPI32.dll
0x00007ff82e080000 - 0x00007ff82e11f000 	C:\WINDOWS\System32\sechost.dll
0x00007ff82fde0000 - 0x00007ff82ff03000 	C:\WINDOWS\System32\RPCRT4.dll
0x00007ff82dbc0000 - 0x00007ff82dbe7000 	C:\WINDOWS\System32\bcrypt.dll
0x00007ff82cb70000 - 0x00007ff82cbbb000 	C:\WINDOWS\SYSTEM32\POWRPROF.dll
0x00007ff8287c0000 - 0x00007ff8287c9000 	C:\WINDOWS\SYSTEM32\WSOCK32.dll
0x00007ff82f670000 - 0x00007ff82f6db000 	C:\WINDOWS\System32\WS2_32.dll
0x00007ff81d450000 - 0x00007ff81d477000 	C:\WINDOWS\SYSTEM32\WINMM.dll
0x00007ff826810000 - 0x00007ff82681a000 	C:\WINDOWS\SYSTEM32\VERSION.dll
0x00007ff82c9e0000 - 0x00007ff82c9f2000 	C:\WINDOWS\SYSTEM32\UMPDC.dll
0x00007ff82b460000 - 0x00007ff82b472000 	C:\WINDOWS\SYSTEM32\kernel.appcore.dll
0x00007ff826300000 - 0x00007ff82630a000 	D:\Unity\Unity Editor\6000.0.32f1\Editor\Data\PlaybackEngines\AndroidPlayer\OpenJDK\bin\jimage.dll
0x00007ff81d1a0000 - 0x00007ff81d384000 	C:\WINDOWS\SYSTEM32\DBGHELP.DLL
0x00007ff801cf0000 - 0x00007ff801d24000 	C:\WINDOWS\SYSTEM32\dbgcore.DLL
0x00007ff82dd10000 - 0x00007ff82dd92000 	C:\WINDOWS\System32\bcryptPrimitives.dll
0x00007ff808400000 - 0x00007ff808425000 	D:\Unity\Unity Editor\6000.0.32f1\Editor\Data\PlaybackEngines\AndroidPlayer\OpenJDK\bin\java.dll
0x00007fff97060000 - 0x00007fff97137000 	D:\Unity\Unity Editor\6000.0.32f1\Editor\Data\PlaybackEngines\AndroidPlayer\OpenJDK\bin\jsvml.dll
0x00007ff82ea70000 - 0x00007ff82f1de000 	C:\WINDOWS\System32\SHELL32.dll
0x00007ff82b660000 - 0x00007ff82be04000 	C:\WINDOWS\SYSTEM32\windows.storage.dll
0x00007ff82e290000 - 0x00007ff82e5e5000 	C:\WINDOWS\System32\combase.dll
0x00007ff82d010000 - 0x00007ff82d03f000 	C:\WINDOWS\SYSTEM32\Wldp.dll
0x00007ff82f800000 - 0x00007ff82f8cd000 	C:\WINDOWS\System32\OLEAUT32.dll
0x00007ff82f9f0000 - 0x00007ff82fa9d000 	C:\WINDOWS\System32\SHCORE.dll
0x00007ff82fb40000 - 0x00007ff82fb95000 	C:\WINDOWS\System32\shlwapi.dll
0x00007ff82d510000 - 0x00007ff82d534000 	C:\WINDOWS\SYSTEM32\profapi.dll
0x00007ff808280000 - 0x00007ff808299000 	D:\Unity\Unity Editor\6000.0.32f1\Editor\Data\PlaybackEngines\AndroidPlayer\OpenJDK\bin\net.dll
0x00007ff8266c0000 - 0x00007ff8267cd000 	C:\WINDOWS\SYSTEM32\WINHTTP.dll
0x00007ff82cd70000 - 0x00007ff82cdda000 	C:\WINDOWS\system32\mswsock.dll
0x00007ff801770000 - 0x00007ff801786000 	D:\Unity\Unity Editor\6000.0.32f1\Editor\Data\PlaybackEngines\AndroidPlayer\OpenJDK\bin\nio.dll
0x00007fffedab0000 - 0x00007fffedac8000 	D:\Unity\Unity Editor\6000.0.32f1\Editor\Data\PlaybackEngines\AndroidPlayer\OpenJDK\bin\zip.dll
0x00007ff808270000 - 0x00007ff808280000 	D:\Unity\Unity Editor\6000.0.32f1\Editor\Data\PlaybackEngines\AndroidPlayer\OpenJDK\bin\verify.dll
0x00007fffd5980000 - 0x00007fffd59a7000 	C:\Users\bogda\.gradle\native\c067742578af261105cb4f569cf0c3c89f3d7b1fecec35dd04571415982c5e48\windows-amd64\native-platform.dll
0x00007ffffe370000 - 0x00007ffffe379000 	D:\Unity\Unity Editor\6000.0.32f1\Editor\Data\PlaybackEngines\AndroidPlayer\OpenJDK\bin\management.dll
0x00007fffedaa0000 - 0x00007fffedaab000 	D:\Unity\Unity Editor\6000.0.32f1\Editor\Data\PlaybackEngines\AndroidPlayer\OpenJDK\bin\management_ext.dll
0x00007ff82e120000 - 0x00007ff82e128000 	C:\WINDOWS\System32\PSAPI.DLL

dbghelp: loaded successfully - version: 4.0.5 - missing functions: none
symbol engine: initialized successfully - sym options: 0x614 - pdb path: .;D:\Unity\Unity Editor\6000.0.32f1\Editor\Data\PlaybackEngines\AndroidPlayer\OpenJDK\bin;C:\WINDOWS\SYSTEM32;C:\WINDOWS\WinSxS\amd64_microsoft.windows.common-controls_6595b64144ccf1df_6.0.19041.4355_none_60b8b9eb71f62e16;D:\Unity\Unity Editor\6000.0.32f1\Editor\Data\PlaybackEngines\AndroidPlayer\OpenJDK\bin\server;C:\Users\bogda\.gradle\native\c067742578af261105cb4f569cf0c3c89f3d7b1fecec35dd04571415982c5e48\windows-amd64

VM Arguments:
java_command: org.gradle.launcher.GradleMain -Dorg.gradle.jvmargs=-Xmx4096m --stop
java_class_path (initial): D:\Unity\Unity Editor\6000.0.32f1\Editor\Data\PlaybackEngines\AndroidPlayer\Tools\gradle\lib\gradle-launcher-8.4.jar
Launcher Type: SUN_STANDARD

[Global flags]
     intx CICompilerCount                          = 3                                         {product} {ergonomic}
     uint ConcGCThreads                            = 1                                         {product} {ergonomic}
     uint G1ConcRefinementThreads                  = 4                                         {product} {ergonomic}
   size_t G1HeapRegionSize                         = 2097152                                   {product} {ergonomic}
    uintx GCDrainStackTargetSize                   = 64                                        {product} {ergonomic}
   size_t InitialHeapSize                          = 199229440                                 {product} {ergonomic}
   size_t MarkStackSize                            = 4194304                                   {product} {ergonomic}
   size_t MaxHeapSize                              = 3179282432                                {product} {ergonomic}
   size_t MaxNewSize                               = 1906311168                                {product} {ergonomic}
   size_t MinHeapDeltaBytes                        = 2097152                                   {product} {ergonomic}
   size_t MinHeapSize                              = 8388608                                   {product} {ergonomic}
    uintx NonNMethodCodeHeapSize                   = 5832780                                {pd product} {ergonomic}
    uintx NonProfiledCodeHeapSize                  = 122912730                              {pd product} {ergonomic}
    uintx ProfiledCodeHeapSize                     = 122912730                              {pd product} {ergonomic}
    uintx ReservedCodeCacheSize                    = 251658240                              {pd product} {ergonomic}
     bool SegmentedCodeCache                       = true                                      {product} {ergonomic}
   size_t SoftMaxHeapSize                          = 3179282432                             {manageable} {ergonomic}
     bool UseCompressedClassPointers               = true                           {product lp64_product} {ergonomic}
     bool UseCompressedOops                        = true                           {product lp64_product} {ergonomic}
     bool UseG1GC                                  = true                                      {product} {ergonomic}
     bool UseLargePagesIndividualAllocation        = false                                  {pd product} {ergonomic}

Logging:
Log output configuration:
 #0: stdout all=warning uptime,level,tags
 #1: stderr all=off uptime,level,tags

Environment Variables:
JAVA_HOME=D:\Unity\Unity Editor\6000.0.32f1\Editor\Data\PlaybackEngines\AndroidPlayer\OpenJDK
PATH=C:\Program Files\Common Files\Oracle\Java\javapath;C:\Program Files (x86)\Common Files\Oracle\Java\java8path;C:\Program Files (x86)\Common Files\Oracle\Java\javapath;C:\ProgramData\Oracle\Java\javapath;C:\Windows\system32;C:\Windows;C:\Windows\System32\Wbem;C:\Windows\System32\WindowsPowerShell\v1.0\;C:\Windows\System32\OpenSSH\;C:\Program Files (x86)\NVIDIA Corporation\PhysX\Common;C:\Program Files\Microsoft SQL Server\130\Tools\Binn\;D:\Program Files\Git\cmd;C:\Program Files (x86)\Microsoft SQL Server\160\Tools\Binn\;C:\Program Files\Microsoft SQL Server\160\Tools\Binn\;C:\Program Files\Microsoft SQL Server\Client SDK\ODBC\170\Tools\Binn\;C:\Program Files\Microsoft SQL Server\160\DTS\Binn\;C:\Program Files (x86)\Microsoft SQL Server\160\DTS\Binn\;C:\Program Files\Azure Data Studio\bin;$JAVA_HOME%\bin\;C:\Program Files\Microsoft SQL Server\150\Tools\Binn\;D:\Programs\NodeJS\;C:\WINDOWS\system32;C:\WINDOWS;C:\WINDOWS\System32\Wbem;C:\WINDOWS\System32\WindowsPowerShell\v1.0\;C:\WINDOWS\System32\OpenSSH\;C:\Program Files\NVIDIA Corporation\NVIDIA app\NvDLISR;C:\Program Files\dotnet\;D:\Windows Kits\10\Windows Performance Toolkit\;D:\Programs\PythonSDK\Scripts\;D:\Programs\PythonSDK\;C:\Users\bogda\AppData\Local\Microsoft\WindowsApps;D:\VS Code\Microsoft VS Code\bin;D:\Program Files\Git;C:\Program Files\Azure Data Studio\bin;C:\Users\bogda\AppData\Local\GitHubDesktop\bin;D:\Programs\IntelliJ IDEA\IntelliJ IDEA Community Edition 2023.3.4\bin;;C:\Users\bogda\AppData\Roaming\npm;D:\Programs\NodeJS\;C:\Users\bogda\.dotnet\tools
USERNAME=bogda
OS=Windows_NT
PROCESSOR_IDENTIFIER=Intel64 Family 6 Model 142 Stepping 12, GenuineIntel
TMP=C:\Users\bogda\AppData\Local\Temp
TEMP=C:\Users\bogda\AppData\Local\Temp



Periodic native trim disabled


---------------  S Y S T E M  ---------------

OS:
 Windows 10 , 64 bit Build 19041 (10.0.19041.5198)
OS uptime: 0 days 9:22 hours

CPU: total 4 (initial active 4) (2 cores per cpu, 2 threads per core) family 6 model 142 stepping 12 microcode 0xec, cx8, cmov, fxsr, ht, mmx, 3dnowpref, sse, sse2, sse3, ssse3, sse4.1, sse4.2, popcnt, lzcnt, tsc, tscinvbit, aes, erms, clmul, clflush, clflushopt
Processor Information for all 4 processors :
  Max Mhz: 2400, Current Mhz: 2400, Mhz Limit: 2400

Memory: 4k page, system-wide physical 12122M (1111M free)
TotalPageFile size 20122M (AvailPageFile size 5M)
current process WorkingSet (physical memory assigned to process): 92M, peak: 93M
current process commit charge ("private bytes"): 302M, peak: 302M

vm_info: OpenJDK 64-Bit Server VM (17.0.9+9) for windows-amd64 JRE (17.0.9+9), built on Oct 26 2023 14:01:42 by "admin" with MS VC++ 16.10 / 16.11 (VS2019)

END.
